IQ-TREE version 3.1.2 for Windows 64-bit built May  8 2026
Developed by Bui Quang Minh, Thomas Wong, Nhan Ly-Trong, Huaiyan Ren
Contributed by Lam-Tung Nguyen, Dominik Schrempf, Chris Bielow,
Olga Chernomor, Michael Woodhams, Diep Thi Hoang, Heiko Schmidt

Host:    DESKTOP-I7OUUUQ (AVX2, FMA3, 15 GB RAM)
Command: D:\iqtree-3.1.2-Windows\iqtree-3.1.2-Windows\bin\iqtree3.exe -s msa.fasta -m MFP -bb 1000 -alrt 1000 --redo
Seed:    851797 (Using SPRNG - Scalable Parallel Random Number Generator)
Time:    Thu May 28 23:10:57 2026
Kernel:  AVX+FMA - 1 threads (12 CPU cores detected)

HINT: Use -nt option to specify number of threads because your CPU has 12 cores!
HINT: -nt AUTO will automatically determine the best number of threads to use.

Reading alignment file msa.fasta ... Fasta format detected
Reading fasta file: done in 0.0006331 secs
Alignment most likely contains protein sequences
Constructing alignment: done in 0.0009999 secs
Alignment has 25 sequences with 1109 columns, 1027 distinct patterns
754 parsimony-informative, 231 singleton sites, 124 constant sites
                                Gap/Ambiguity  Composition  p-value
Analyzing sequences: done in 0.000177 secs
   1  tr|A0A0L8GZ50|A0A0L8GZ50_OCTBM    2.52%    failed      0.00%
   2  tr|A0A8W8LNK4|A0A8W8LNK4_MAGGI    3.25%    failed      0.00%
   3  tr|R7VD90|R7VD90_CAPTE            3.07%    failed      0.01%
   4  tr|A0A7M7NQT2|A0A7M7NQT2_STRPU    4.78%    failed      0.48%
   5  tr|B3S8E5|B3S8E5_TRIAD            5.05%    failed      0.00%
   6  tr|A0A1S3LB19|A0A1S3LB19_SALSA   34.17%    passed     79.99%
   7  tr|A0A674NY76|A0A674NY76_TAKRU   34.27%    passed     84.24%
   8  tr|A0A974C345|A0A974C345_XENLA   34.27%    passed     81.37%
   9  tr|A0A674GU47|A0A674GU47_TAEGU   30.12%    passed     45.94%
  10  tr|A0A8V1AHE5|A0A8V1AHE5_CHICK   24.71%    passed      8.48%
  11  tr|A0A8P0TMJ5|A0A8P0TMJ5_CANLF   21.82%    failed      0.29%
  12  tr|F1N1I6|F1N1I6_BOVIN           23.81%    failed      0.02%
  13  sp|P06396|GELS_HUMAN             29.49%    passed     20.24%
  14  sp|P13020|GELS_MOUSE             29.67%    passed     50.89%
  15  sp|Q68FP1|GELS_RAT               29.67%    passed     46.76%
  16  tr|A4IGC2|A4IGC2_DANRE           34.36%    passed     66.13%
  17  tr|A0A6F9DDF2|A0A6F9DDF2_9ASCI   36.52%    passed     48.82%
  18  sp|O61270|GELS_HALRO             35.89%    passed      9.66%
  19  tr|A0A1S4HE98|A0A1S4HE98_ANOGA   34.08%    passed     15.95%
  20  sp|Q07171|GELS_DROME             29.49%    passed     48.92%
  21  tr|E9FTN2|E9FTN2_DAPPU           34.63%    passed     55.61%
  22  tr|A0A9J7MK25|A0A9J7MK25_BRAFL   33.99%    passed     14.57%
  23  tr|A0A6P8HEW3|A0A6P8HEW3_ACTTE   33.99%    failed      1.18%
  24  tr|A0A4E9EWZ6|A0A4E9EWZ6_BRUMA   58.52%    passed     10.53%
  25  sp|A8XV95|GELS1_CAEBR            57.53%    passed     24.89%
WARNING: 2 sequences contain more than 50% gaps/ambiguity
****  TOTAL                            27.99%  8 sequences failed composition chi2 test (p-value<5%; df=19)
Checking for duplicate sequences: done in 0.0001822 secs


Create initial parsimony tree by phylogenetic likelihood library (PLL)... 0.007 seconds
Perform fast likelihood tree search using LG+I+G model...
Estimate model parameters (epsilon = 5.000)
Perform nearest neighbor interchange...
Estimate model parameters (epsilon = 1.000)
1. Initial log-likelihood: -27013.602
Optimal log-likelihood: -27013.534
Proportion of invariable sites: 0.037
Gamma shape alpha: 1.624
Parameters optimization took 1 rounds (0.131 sec)
Time for fast ML tree search: 0.908 seconds

NOTE: ModelFinder requires 44 MB RAM!
ModelFinder will test up to 1232 protein models (sample size: 1109 epsilon: 0.100) ...
 No. Model         -LnL         df  AIC          AICc         BIC
  1  LG            27657.039    47  55408.078    55412.330    55643.605
  2  LG+I          27484.777    48  55065.555    55069.992    55306.093
  3  LG+G4         27022.784    48  54141.569    54146.007    54382.107
  4  LG+I+G4       27013.528    49  54125.056    54129.683    54370.606
  5  LG+R2         27080.818    49  54259.636    54264.263    54505.185
  6  LG+R3         27018.670    51  54139.340    54144.358    54394.911
  7  LG+R4         27013.564    53  54133.129    54138.554    54398.723
 14  LG+I+R2       27052.994    50  54205.989    54210.809    54456.549
 15  LG+I+R3       27012.584    52  54129.167    54134.387    54389.751
 16  LG+I+R4       27011.624    54  54131.247    54136.883    54401.853
 26  LG+F+I+G4     27011.046    68  54158.091    54167.114    54498.854
 48  WAG+I+G4      27063.079    49  54224.158    54228.785    54469.707
 70  WAG+F+I+G4    27092.559    68  54321.118    54330.141    54661.881
 92  JTT+I+G4      27211.409    49  54520.817    54525.444    54766.367
114  JTT+F+I+G4    27224.693    68  54585.386    54594.409    54926.149
136  Q.PFAM+I+G4   27014.714    49  54127.427    54132.054    54372.977
158  Q.PFAM+F+I+G4 26999.450    68  54134.900    54143.923    54475.662
180  Q.BIRD+I+G4   27789.703    49  55677.407    55682.034    55922.956
202  Q.BIRD+F+I+G4 27789.002    68  55714.004    55723.027    56054.766
224  Q.MAMMAL+I+G4 27577.951    49  55253.903    55258.530    55499.452
246  Q.MAMMAL+F+I+G4 27563.937    68  55263.874    55272.897    55604.636
268  Q.INSECT+I+G4 27055.495    49  54208.989    54213.616    54454.539
290  Q.INSECT+F+I+G4 27051.706    68  54239.412    54248.435    54580.174
312  Q.PLANT+I+G4  27323.054    49  54744.109    54748.736    54989.658
334  Q.PLANT+F+I+G4 27310.645    68  54757.290    54766.313    55098.053
356  Q.YEAST+I+G4  27046.287    49  54190.574    54195.201    54436.124
378  Q.YEAST+F+I+G4 27006.810    68  54149.621    54158.644    54490.383
400  JTTDCMUT+I+G4 27203.611    49  54505.222    54509.849    54750.771
422  JTTDCMUT+F+I+G4 27217.160    68  54570.321    54579.344    54911.083
444  DCMUT+I+G4    27316.860    49  54731.721    54736.348    54977.270
466  DCMUT+F+I+G4  27296.415    68  54728.830    54737.853    55069.593
488  VT+I+G4       27095.015    49  54288.029    54292.656    54533.579
510  VT+F+I+G4     27124.118    68  54384.237    54393.260    54724.999
532  PMB+I+G4      27325.074    49  54748.149    54752.776    54993.698
554  PMB+F+I+G4    27305.223    68  54746.446    54755.469    55087.209
576  BLOSUM62+I+G4 27280.618    49  54659.235    54663.862    54904.785
598  BLOSUM62+F+I+G4 27267.964    68  54671.928    54680.951    55012.690
620  DAYHOFF+I+G4  27316.538    49  54731.077    54735.704    54976.626
642  DAYHOFF+F+I+G4 27296.414    68  54728.827    54737.850    55069.590
664  MTREV+I+G4    28783.709    49  57665.418    57670.045    57910.968
686  MTREV+F+I+G4  27557.118    68  55250.235    55259.258    55590.998
708  MTART+I+G4    29056.000    49  58210.000    58214.627    58455.550
730  MTART+F+I+G4  27820.665    68  55777.330    55786.353    56118.093
752  MTZOA+I+G4    28457.155    49  57012.310    57016.937    57257.859
774  MTZOA+F+I+G4  27532.288    68  55200.576    55209.599    55541.338
796  MTMET+I+G4    28795.919    49  57689.837    57694.464    57935.387
818  MTMET+F+I+G4  27616.294    68  55368.587    55377.610    55709.350
840  MTVER+I+G4    29147.398    49  58392.795    58397.422    58638.345
862  MTVER+F+I+G4  28039.947    68  56215.894    56224.917    56556.657
884  MTINV+I+G4    28888.898    49  57875.796    57880.423    58121.346
906  MTINV+F+I+G4  27419.766    68  54975.532    54984.555    55316.294
928  MTMAM+I+G4    29469.462    49  59036.925    59041.552    59282.474
950  MTMAM+F+I+G4  28174.840    68  56485.680    56494.703    56826.443
972  FLAVI+I+G4    28467.179    49  57032.358    57036.985    57277.907
994  FLAVI+F+I+G4  28289.559    68  56715.118    56724.141    57055.880
1016  HIVB+I+G4     27905.649    49  55909.298    55913.925    56154.848
1038  HIVB+F+I+G4   27747.008    68  55630.017    55639.040    55970.779
1060  HIVW+I+G4     29073.076    49  58244.152    58248.779    58489.701
1082  HIVW+F+I+G4   28606.882    68  57349.763    57358.786    57690.526
1104  FLU+I+G4      27777.877    49  55653.754    55658.381    55899.303
1126  FLU+F+I+G4    27651.585    68  55439.170    55448.193    55779.933
1148  RTREV+I+G4    27186.248    49  54470.496    54475.123    54716.046
1170  RTREV+F+I+G4  27042.303    68  54220.606    54229.629    54561.368
1192  CPREV+I+G4    27378.500    49  54855.000    54859.627    55100.550
1214  CPREV+F+I+G4  27309.557    68  54755.115    54764.138    55095.877
Akaike Information Criterion:           LG+I+G4
Corrected Akaike Information Criterion: LG+I+G4
Bayesian Information Criterion:         LG+I+G4
Best-fit model: LG+I+G4 chosen according to BIC

All model information printed to msa.fasta.model.gz
CPU time for ModelFinder: 107.922 seconds (0h:1m:47s)
Wall-clock time for ModelFinder: 116.501 seconds (0h:1m:56s)
Generating 1000 samples for ultrafast bootstrap (seed: 851797)...

NOTE: 20 MB RAM (0 GB) is required!
Estimate model parameters (epsilon = 0.100)
Thoroughly optimizing +I+G parameters from 10 start values...
Init pinv, alpha: 0.000, 1.707 / Estimate: 0.000, 1.344 / LogL: -27022.784
Init pinv, alpha: 0.012, 1.707 / Estimate: 0.033, 1.596 / LogL: -27013.563
Init pinv, alpha: 0.025, 1.707 / Estimate: 0.033, 1.598 / LogL: -27013.556
Init pinv, alpha: 0.037, 1.707 / Estimate: 0.036, 1.621 / LogL: -27013.527
Init pinv, alpha: 0.050, 1.707 / Estimate: 0.038, 1.632 / LogL: -27013.564
Init pinv, alpha: 0.062, 1.707 / Estimate: 0.038, 1.630 / LogL: -27013.559
Init pinv, alpha: 0.075, 1.707 / Estimate: 0.037, 1.626 / LogL: -27013.543
Init pinv, alpha: 0.087, 1.707 / Estimate: 0.037, 1.628 / LogL: -27013.549
Init pinv, alpha: 0.099, 1.707 / Estimate: 0.038, 1.629 / LogL: -27013.554
Init pinv, alpha: 0.112, 1.707 / Estimate: 0.038, 1.631 / LogL: -27013.559
Optimal pinv,alpha: 0.036, 1.621 / LogL: -27013.527

Parameters optimization took 23.955 sec
Wrote distance file to... 
Computing ML distances based on estimated model parameters...
Calculating distance matrix: done in 0.166751 secs using 93.7% CPU
Computing ML distances took 0.233690 sec (of wall-clock time) 0.171875 sec (of CPU time)
Setting up auxiliary I and S matrices: done in 0.0001445 secs
Constructing RapidNJ tree: done in 0.0003336 secs
Computing RapidNJ tree took 0.031172 sec (of wall-clock time) 0.031250 sec (of CPU time)
Log-likelihood of RapidNJ tree: -27064.762
--------------------------------------------------------------------
|             INITIALIZING CANDIDATE TREE SET                      |
--------------------------------------------------------------------
Generating 98 parsimony trees... 1.835 second
Computing log-likelihood of 98 initial trees ... 16.806 seconds
Current best score: -27013.527

Do NNI search on 20 best initial trees
Estimate model parameters (epsilon = 0.100)
BETTER TREE FOUND at iteration 1: -27013.523
Iteration 10 / LogL: -27013.750 / Time: 0h:3m:6s
Iteration 20 / LogL: -27013.810 / Time: 0h:3m:33s
Finish initializing candidate tree set (2)
Current best tree score: -27013.523 / CPU time: 71.035
Number of iterations: 20
--------------------------------------------------------------------
|               OPTIMIZING CANDIDATE TREE SET                      |
--------------------------------------------------------------------
Iteration 30 / LogL: -27013.665 / Time: 0h:4m:3s (0h:5m:9s left)
Iteration 40 / LogL: -27013.738 / Time: 0h:4m:28s (0h:3m:57s left)
Iteration 50 / LogL: -27016.271 / Time: 0h:4m:55s (0h:3m:6s left)
Log-likelihood cutoff on original alignment: -27048.416
Iteration 60 / LogL: -27014.453 / Time: 0h:5m:23s (0h:2m:23s left)
Iteration 70 / LogL: -27013.746 / Time: 0h:5m:54s (0h:1m:47s left)
Iteration 80 / LogL: -27013.563 / Time: 0h:6m:19s (0h:1m:9s left)
Iteration 90 / LogL: -27013.756 / Time: 0h:6m:49s (0h:0m:36s left)
Iteration 100 / LogL: -27013.555 / Time: 0h:7m:15s (0h:0m:3s left)
Log-likelihood cutoff on original alignment: -27048.416
NOTE: Bootstrap correlation coefficient of split occurrence frequencies: 1.000
TREE SEARCH COMPLETED AFTER 102 ITERATIONS / Time: 0h:7m:20s

--------------------------------------------------------------------
|                    FINALIZING TREE SEARCH                        |
--------------------------------------------------------------------
Performs final model parameters optimization
Estimate model parameters (epsilon = 0.010)
1. Initial log-likelihood: -27013.523
Optimal log-likelihood: -27013.522
Proportion of invariable sites: 0.036
Gamma shape alpha: 1.614
Parameters optimization took 1 rounds (0.387 sec)
BEST SCORE FOUND : -27013.522

Testing tree branches by SH-like aLRT with 1000 replicates...
3.367 sec.
Creating bootstrap support values...
Split supports printed to NEXUS file msa.fasta.splits.nex
Total tree length: 13.029

Total number of iterations: 102
CPU time used for tree search: 280.125 sec (0h:4m:40s)
Wall-clock time used for tree search: 298.085 sec (0h:4m:58s)
Total CPU time used: 415.688 sec (0h:6m:55s)
Total wall-clock time used: 444.359 sec (0h:7m:24s)

Computing bootstrap consensus tree...
Reading input file msa.fasta.splits.nex...
25 taxa and 86 splits.
Consensus tree written to msa.fasta.contree
Reading input trees file msa.fasta.contree
Log-likelihood of consensus tree: -27013.523

Analysis results written to: 
  IQ-TREE report:                msa.fasta.iqtree
  Maximum-likelihood tree:       msa.fasta.treefile
  Likelihood distances:          msa.fasta.mldist

Ultrafast bootstrap approximation results written to:
  Split support values:          msa.fasta.splits.nex
  Consensus tree:                msa.fasta.contree
  Screen log file:               msa.fasta.log

Date and Time: Thu May 28 23:18:23 2026
